<?xml version="1.0" encoding="UTF-8"?>
<testsuite name="asta.Test_Task_1" tests="2" skipped="0" failures="0" errors="0" timestamp="2017-07-03T11:30:25" hostname="DI-DEV-03" time="7.249">
  <properties/>
  <testcase name="AddProductToBasket" classname="asta.Test_Task_1" time="0.729"/>
  <testcase name="UpTo100" classname="asta.Test_Task_1" time="6.52"/>
  <system-out><![CDATA[I am checking AddProductToBasket functionality
Random quantity for single product: 10
Price before parsing: 155.40 zl
Product price is: 155.0 zl
Price assertion and data transformation succeeded
I am checking Alert Functionality
I am starting fulfilling the basket with random data to cover all avaiable product types: 
22, 34, 46, 58, 70, 82, 94, 100,  - the maximum value has been reached
Alert was present - test passed
]]></system-out>
  <system-err><![CDATA[1499081422791	geckodriver	INFO	Listening on 127.0.0.1:25895
1499081423461	geckodriver::marionette	INFO	Starting browser \\?\C:\Program Files (x86)\Mozilla Firefox\firefox.exe with args ["-marionette"]
JavaScript error: resource://gre/modules/AddonManager.jsm, line 1677: NS_ERROR_NOT_INITIALIZED: AddonManager is not initialized
1499081423721	addons.manager	ERROR	startup failed: [Exception... "Component returned failure code: 0x80070057 (NS_ERROR_ILLEGAL_VALUE) [nsIFile.create]"  nsresult: "0x80070057 (NS_ERROR_ILLEGAL_VALUE)"  location: "JS frame :: resource://gre/modules/FileUtils.jsm :: FileUtils_getDir :: line 70"  data: no] Stack trace: FileUtils_getDir()@resource://gre/modules/FileUtils.jsm:70 < FileUtils_getFile()@resource://gre/modules/FileUtils.jsm:42 < AddonManagerInternal.validateBlocklist()@resource://gre/modules/AddonManager.jsm:700 < AddonManagerInternal.startup()@resource://gre/modules/AddonManager.jsm:870 < this.AddonManagerPrivate.startup()@resource://gre/modules/AddonManager.jsm:3033 < amManager.prototype.observe()@resource://gre/components/addonManager.js:65
[GFX1]: Potential driver version mismatch ignored due to missing DLLs 0.0.0.0 and 0.0.0.0
1499081424249	Marionette	INFO	Listening on port 59683
JavaScript error: resource://gre/modules/AddonManager.jsm, line 2585: NS_ERROR_NOT_INITIALIZED: AddonManager is not initialized
Jul 03, 2017 1:30:25 PM org.openqa.selenium.remote.ProtocolHandshake createSession
INFO: Detected dialect: W3C
1499081432658	Marionette	INFO	New connections will no longer be accepted
]]></system-err>
</testsuite>
