<?xml version="1.0" encoding="UTF-8"?>
<testsuite name="asta.Test_Task_2" tests="3" skipped="0" failures="0" errors="0" timestamp="2017-07-03T11:30:33" hostname="DI-DEV-03" time="11.332">
  <properties/>
  <testcase name="SecondCategoryFunctionality" classname="asta.Test_Task_2" time="3.808"/>
  <testcase name="FirstCategoryFunctionality" classname="asta.Test_Task_2" time="3.691"/>
  <testcase name="ThirdCategoryFunctionality" classname="asta.Test_Task_2" time="3.833"/>
  <system-out><![CDATA[I am checking products list
I am getting text from main page
Aparat, Monitor Color, Monitor Mono, Klawiatura, Mysz, Switch,  - OK
I am checking products category
Aparat, Monitor Color, Monitor Mono, Klawiatura, Mysz, Switch,  - OK
Assertion Complete
I am checking products list
I am getting text from main page
Pi?ka, Buty, Spodnie, Koszulka, Rower, ?piwór,  - OK
I am getting text from product category
Pi?ka, Buty, Spodnie, Koszulka, Rower, ?piwór,  - OK
Assertion Complete
I am checking products list
I am getting text from main page
Biuro XYZ, Papier per?owy, Fotel obrotowy, Zszywki, Koperty, Ta?ma,  - OK
I am checking products category
Biuro XYZ, Papier per?owy, Fotel obrotowy, Zszywki, Koperty, Ta?ma,  - OK
Assertion Complete
]]></system-out>
  <system-err><![CDATA[1499081433067	geckodriver	INFO	Listening on 127.0.0.1:21263
1499081433600	geckodriver::marionette	INFO	Starting browser \\?\C:\Program Files (x86)\Mozilla Firefox\firefox.exe with args ["-marionette"]
JavaScript error: resource://gre/modules/AddonManager.jsm, line 1677: NS_ERROR_NOT_INITIALIZED: AddonManager is not initialized
1499081433844	addons.manager	ERROR	startup failed: [Exception... "Component returned failure code: 0x80070057 (NS_ERROR_ILLEGAL_VALUE) [nsIFile.create]"  nsresult: "0x80070057 (NS_ERROR_ILLEGAL_VALUE)"  location: "JS frame :: resource://gre/modules/FileUtils.jsm :: FileUtils_getDir :: line 70"  data: no] Stack trace: FileUtils_getDir()@resource://gre/modules/FileUtils.jsm:70 < FileUtils_getFile()@resource://gre/modules/FileUtils.jsm:42 < AddonManagerInternal.validateBlocklist()@resource://gre/modules/AddonManager.jsm:700 < AddonManagerInternal.startup()@resource://gre/modules/AddonManager.jsm:870 < this.AddonManagerPrivate.startup()@resource://gre/modules/AddonManager.jsm:3033 < amManager.prototype.observe()@resource://gre/components/addonManager.js:65
[GFX1]: Potential driver version mismatch ignored due to missing DLLs 0.0.0.0 and 0.0.0.0
1499081434350	Marionette	INFO	Listening on port 60186
JavaScript error: resource://gre/modules/AddonManager.jsm, line 2585: NS_ERROR_NOT_INITIALIZED: AddonManager is not initialized
Jul 03, 2017 1:30:35 PM org.openqa.selenium.remote.ProtocolHandshake createSession
INFO: Detected dialect: W3C
1499081436554	Marionette	INFO	New connections will no longer be accepted
1499081436884	geckodriver	INFO	Listening on 127.0.0.1:4859
1499081437417	geckodriver::marionette	INFO	Starting browser \\?\C:\Program Files (x86)\Mozilla Firefox\firefox.exe with args ["-marionette"]
JavaScript error: resource://gre/modules/AddonManager.jsm, line 1677: NS_ERROR_NOT_INITIALIZED: AddonManager is not initialized
1499081437633	addons.manager	ERROR	startup failed: [Exception... "Component returned failure code: 0x80070057 (NS_ERROR_ILLEGAL_VALUE) [nsIFile.create]"  nsresult: "0x80070057 (NS_ERROR_ILLEGAL_VALUE)"  location: "JS frame :: resource://gre/modules/FileUtils.jsm :: FileUtils_getDir :: line 70"  data: no] Stack trace: FileUtils_getDir()@resource://gre/modules/FileUtils.jsm:70 < FileUtils_getFile()@resource://gre/modules/FileUtils.jsm:42 < AddonManagerInternal.validateBlocklist()@resource://gre/modules/AddonManager.jsm:700 < AddonManagerInternal.startup()@resource://gre/modules/AddonManager.jsm:870 < this.AddonManagerPrivate.startup()@resource://gre/modules/AddonManager.jsm:3033 < amManager.prototype.observe()@resource://gre/components/addonManager.js:65
[GFX1]: Potential driver version mismatch ignored due to missing DLLs 0.0.0.0 and 0.0.0.0
1499081438146	Marionette	INFO	Listening on port 60261
JavaScript error: resource://gre/modules/AddonManager.jsm, line 2585: NS_ERROR_NOT_INITIALIZED: AddonManager is not initialized
Jul 03, 2017 1:30:39 PM org.openqa.selenium.remote.ProtocolHandshake createSession
INFO: Detected dialect: W3C
1499081440245	Marionette	INFO	New connections will no longer be accepted
1499081440560	geckodriver	INFO	Listening on 127.0.0.1:47812
1499081441113	geckodriver::marionette	INFO	Starting browser \\?\C:\Program Files (x86)\Mozilla Firefox\firefox.exe with args ["-marionette"]
JavaScript error: resource://gre/modules/AddonManager.jsm, line 1677: NS_ERROR_NOT_INITIALIZED: AddonManager is not initialized
1499081441326	addons.manager	ERROR	startup failed: [Exception... "Component returned failure code: 0x80070057 (NS_ERROR_ILLEGAL_VALUE) [nsIFile.create]"  nsresult: "0x80070057 (NS_ERROR_ILLEGAL_VALUE)"  location: "JS frame :: resource://gre/modules/FileUtils.jsm :: FileUtils_getDir :: line 70"  data: no] Stack trace: FileUtils_getDir()@resource://gre/modules/FileUtils.jsm:70 < FileUtils_getFile()@resource://gre/modules/FileUtils.jsm:42 < AddonManagerInternal.validateBlocklist()@resource://gre/modules/AddonManager.jsm:700 < AddonManagerInternal.startup()@resource://gre/modules/AddonManager.jsm:870 < this.AddonManagerPrivate.startup()@resource://gre/modules/AddonManager.jsm:3033 < amManager.prototype.observe()@resource://gre/components/addonManager.js:65
[GFX1]: Potential driver version mismatch ignored due to missing DLLs 0.0.0.0 and 0.0.0.0
1499081441838	Marionette	INFO	Listening on port 60332
JavaScript error: resource://gre/modules/AddonManager.jsm, line 2585: NS_ERROR_NOT_INITIALIZED: AddonManager is not initialized
Jul 03, 2017 1:30:42 PM org.openqa.selenium.remote.ProtocolHandshake createSession
INFO: Detected dialect: W3C
1499081444079	Marionette	INFO	New connections will no longer be accepted
]]></system-err>
</testsuite>
